<?xml version="1.0" encoding="UTF-8"?>
<!-- Generated by org.testng.reporters.JUnitReportReporter -->
<testsuite hostname="DESKTOP-M0E3QT7" failures="0" tests="1" name="runner.FacebookRunnerClass" time="15.142" errors="0" timestamp="2023-03-14T15:46:32 IST" skipped="0">
  <testcase classname="runner.FacebookRunnerClass" name="runScenario" time="15.142"/>
  <system-out/>
</testsuite> <!-- runner.FacebookRunnerClass -->
